#
# A fatal error has been detected by the Java Runtime Environment:
#
#  SIGSEGV (0xb) at pc=0x000000010527da61, pid=1650, tid=17667
#
# JRE version: Java(TM) SE Runtime Environment (8.0_60-b27) (build 1.8.0_60-b27)
# Java VM: Java HotSpot(TM) 64-Bit Server VM (25.60-b23 mixed mode bsd-amd64 compressed oops)
# Problematic frame:
# V  [libjvm.dylib+0x27da61]  Node_Backward_Iterator::next()+0x61
#
# Failed to write core dump. Core dumps have been disabled. To enable core dumping, try "ulimit -c unlimited" before starting Java again
#
# If you would like to submit a bug report, please visit:
#   http://bugreport.java.com/bugreport/crash.jsp
#

---------------  T H R E A D  ---------------

Current thread (0x00007f8e0b819800):  JavaThread "C2 CompilerThread1" daemon [_thread_in_native, id=17667, stack(0x0000700000c3e000,0x0000700000d3e000)]

siginfo: si_signo: 11 (SIGSEGV), si_code: 1 (SEGV_MAPERR), si_addr: 0x00007f8e386d9710

Registers:
RAX=0x00007f8e0b9d1240, RBX=0x0000700000d3a920, RCX=0x00000000058b6fa0, RDX=0x00007f8e0b9d8490
RSP=0x0000700000d3a890, RBP=0x0000700000d3a8d0, RSI=0x00007f8e0c121a10, RDI=0x00007f8e0c04a0d0
R8 =0x000000000000000f, R9 =0x0000000000000000, R10=0x00000000ffffffff, R11=0x0000000000000080
R12=0x000000000000000f, R13=0x00007f8e0b9d8490, R14=0x0000000000000001, R15=0x00007f8e0c8ae8a8
RIP=0x000000010527da61, EFLAGS=0x0000000000010297, ERR=0x0000000000000004
  TRAPNO=0x000000000000000e

Top of Stack: (sp=0x0000700000d3a890)
0x0000700000d3a890:   0000700000d3b680 00007f8e0b9d12d0
0x0000700000d3a8a0:   0000000000000013 00007f8e0c0c3c18
0x0000700000d3a8b0:   00007f8e0c14d420 000000000000000a
0x0000700000d3a8c0:   00007f8e0c0c3c18 000000000000000a
0x0000700000d3a8d0:   0000700000d3a960 000000010527f073
0x0000700000d3a8e0:   0000700000d3b680 00007f8e0c0c3828
0x0000700000d3a8f0:   0000700000d3b628 00007f8e0b9d2218
0x0000700000d3a900:   0000000000000005 00007f8e0b9d2780
0x0000700000d3a910:   0000000000000005 00007f8e0b9d1148
0x0000700000d3a920:   0000700000d3a9b0 0000700000d3a990
0x0000700000d3a930:   0000700000d3b628 0000700000d3b628
0x0000700000d3a940:   00007f8e0b475b30 0000700000d3cf88
0x0000700000d3a950:   00007f8e0d1fa490 0000700000d3a9b0
0x0000700000d3a960:   0000700000d3aa20 000000010527f3ab
0x0000700000d3a970:   00007f8e0c0c5428 00007f8e0c85ee90
0x0000700000d3a980:   0000700000d3a9a0 000000010527cbee
0x0000700000d3a990:   00007f8e0b422980 0000700000000400
0x0000700000d3a9a0:   00007f8e0c31bf00 0000000100000002
0x0000700000d3a9b0:   00000001058cb980 00007f8e0b422980
0x0000700000d3a9c0:   0000000000000040 00007f8e0c31be00
0x0000700000d3a9d0:   00007f8e0b422980 00007f8e0c85ac00
0x0000700000d3a9e0:   00007f8e0c860740 00007f8e0c862be8
0x0000700000d3a9f0:   000000000009e680 0000700000d3b628
0x0000700000d3aa00:   0000700000d3b628 00007f8e0b475b30
0x0000700000d3aa10:   0000700000d3b628 0000700000d3b4b0
0x0000700000d3aa20:   0000700000d3aa40 000000010527f5c0
0x0000700000d3aa30:   0000700000d3b628 0000700000d3cf88
0x0000700000d3aa40:   0000700000d3c350 00000001051ae13d
0x0000700000d3aa50:   0000000000000000 0000000000000000
0x0000700000d3aa60:   0000000000000000 0000000000000000
0x0000700000d3aa70:   0000000000000000 0000000000000000
0x0000700000d3aa80:   0000000000000000 0000000000000000 

Instructions: (pc=0x000000010527da61)
0x000000010527da41:   48 18 48 8b 04 ca 48 89 45 c8 eb 62 49 8b 55 08
0x000000010527da51:   48 8b 12 8b 4a 28 89 c9 48 8b 73 10 48 8b 76 68
0x000000010527da61:   48 8b 0c ce 8b 49 68 44 39 f1 72 20 44 39 f1 75
0x000000010527da71:   0c 0f b7 4a 2c 83 e1 0f 83 f9 0c 74 0f 4c 89 ef 

Register to memory mapping:

RAX=0x00007f8e0b9d1240 is an unknown value
RBX=0x0000700000d3a920 is pointing into the stack for thread: 0x00007f8e0b819800
RCX=0x00000000058b6fa0 is an unknown value
RDX=0x00007f8e0b9d8490 is an unknown value
RSP=0x0000700000d3a890 is pointing into the stack for thread: 0x00007f8e0b819800
RBP=0x0000700000d3a8d0 is pointing into the stack for thread: 0x00007f8e0b819800
RSI=0x00007f8e0c121a10 is an unknown value
RDI=0x00007f8e0c04a0d0 is an unknown value
R8 =0x000000000000000f is an unknown value
R9 =0x0000000000000000 is an unknown value
R10=0x00000000ffffffff is an unknown value
R11=0x0000000000000080 is an unknown value
R12=0x000000000000000f is an unknown value
R13=0x00007f8e0b9d8490 is an unknown value
R14=0x0000000000000001 is an unknown value
R15=0x00007f8e0c8ae8a8 is an unknown value


Stack: [0x0000700000c3e000,0x0000700000d3e000],  sp=0x0000700000d3a890,  free space=1010k
Native frames: (J=compiled Java code, j=interpreted, Vv=VM code, C=native code)
V  [libjvm.dylib+0x27da61]  Node_Backward_Iterator::next()+0x61
V  [libjvm.dylib+0x27f073]  PhaseCFG::schedule_late(VectorSet&, Node_List&)+0x323
V  [libjvm.dylib+0x27f3ab]  PhaseCFG::global_code_motion()+0x1c1
V  [libjvm.dylib+0x27f5c0]  PhaseCFG::do_global_code_motion()+0x40
V  [libjvm.dylib+0x1ae13d]  Compile::Code_Gen()+0xdf
V  [libjvm.dylib+0x1b2000]  Compile::Compile(ciEnv*, C2Compiler*, ciMethod*, int, bool, bool, bool)+0x970
V  [libjvm.dylib+0x14fc8e]  C2Compiler::compile_method(ciEnv*, ciMethod*, int)+0xac
V  [libjvm.dylib+0x1b55e6]  CompileBroker::invoke_compiler_on_method(CompileTask*)+0x5b2
V  [libjvm.dylib+0x1b7b2d]  CompileBroker::compiler_thread_loop()+0x291
V  [libjvm.dylib+0x5612d3]  JavaThread::thread_main_inner()+0x9b
V  [libjvm.dylib+0x5629ce]  JavaThread::run()+0x1c2
V  [libjvm.dylib+0x48343a]  java_start(Thread*)+0xf6
C  [libsystem_pthread.dylib+0x39b1]  _pthread_body+0x83
C  [libsystem_pthread.dylib+0x392e]  _pthread_body+0x0
C  [libsystem_pthread.dylib+0x1385]  thread_start+0xd
C  0x0000000000000000


Current CompileTask:
C2:   7204  906       4       java.util.HashMap::putVal (300 bytes)


---------------  P R O C E S S  ---------------

Java Threads: ( => current thread )
  0x00007f8e0bb5e000 JavaThread "Image Fetcher 0" daemon [_thread_blocked, id=55555, stack(0x0000700001765000,0x0000700001865000)]
  0x00007f8e0b9cf800 JavaThread "TimerQueue" daemon [_thread_blocked, id=55083, stack(0x0000700001662000,0x0000700001762000)]
  0x00007f8e0c282000 JavaThread "DestroyJavaVM" [_thread_blocked, id=5891, stack(0x000070000011a000,0x000070000021a000)]
  0x00007f8e0d123000 JavaThread "AWT-EventQueue-0" [_thread_blocked, id=54595, stack(0x000070000155f000,0x000070000165f000)]
  0x00007f8e0b948000 JavaThread "Java2D Disposer" daemon [_thread_blocked, id=53251, stack(0x000070000145c000,0x000070000155c000)]
  0x00007f8e0c20c000 JavaThread "Java2D Queue Flusher" daemon [_thread_blocked, id=50439, stack(0x0000700001359000,0x0000700001459000)]
  0x00007f8e0d0e1000 JavaThread "AWT-Shutdown" [_thread_blocked, id=29971, stack(0x00007000011d3000,0x00007000012d3000)]
  0x00007f8e0c1a9000 JavaThread "AppKit Thread" daemon [_thread_in_native, id=2571, stack(0x00007fff5af5b000,0x00007fff5b75b000)]
  0x00007f8e0b82b000 JavaThread "Service Thread" daemon [_thread_blocked, id=18691, stack(0x0000700000e44000,0x0000700000f44000)]
  0x00007f8e0d040800 JavaThread "C1 CompilerThread2" daemon [_thread_blocked, id=18179, stack(0x0000700000d41000,0x0000700000e41000)]
=>0x00007f8e0b819800 JavaThread "C2 CompilerThread1" daemon [_thread_in_native, id=17667, stack(0x0000700000c3e000,0x0000700000d3e000)]
  0x00007f8e0d042000 JavaThread "C2 CompilerThread0" daemon [_thread_blocked, id=17155, stack(0x0000700000b3b000,0x0000700000c3b000)]
  0x00007f8e0b818800 JavaThread "Signal Dispatcher" daemon [_thread_blocked, id=12815, stack(0x0000700000a38000,0x0000700000b38000)]
  0x00007f8e0c00f000 JavaThread "Finalizer" daemon [_thread_blocked, id=12291, stack(0x000070000082f000,0x000070000092f000)]
  0x00007f8e0c801000 JavaThread "Reference Handler" daemon [_thread_blocked, id=11779, stack(0x000070000072c000,0x000070000082c000)]

Other Threads:
  0x00007f8e0c00e800 VMThread [stack: 0x0000700000629000,0x0000700000729000] [id=11267]
  0x00007f8e0d043000 WatcherThread [stack: 0x0000700000f47000,0x0000700001047000] [id=19203]

VM state:not at safepoint (normal execution)

VM Mutex/Monitor currently owned by a thread: None

Heap:
 PSYoungGen      total 18944K, used 9510K [0x00000007aab00000, 0x00000007ac000000, 0x00000007c0000000)
  eden space 16384K, 58% used [0x00000007aab00000,0x00000007ab449940,0x00000007abb00000)
  from space 2560K, 0% used [0x00000007abd80000,0x00000007abd80000,0x00000007ac000000)
  to   space 2560K, 0% used [0x00000007abb00000,0x00000007abb00000,0x00000007abd80000)
 ParOldGen       total 44032K, used 0K [0x0000000780000000, 0x0000000782b00000, 0x00000007aab00000)
  object space 44032K, 0% used [0x0000000780000000,0x0000000780000000,0x0000000782b00000)
 Metaspace       used 12515K, capacity 12712K, committed 13056K, reserved 1060864K
  class space    used 1609K, capacity 1698K, committed 1792K, reserved 1048576K

Card table byte_map: [0x0000000115349000,0x000000011554a000] byte_map_base: 0x0000000111749000

Marking Bits: (ParMarkBitMap*) 0x00000001058dee20
 Begin Bits: [0x00000001156a0000, 0x00000001166a0000)
 End Bits:   [0x00000001166a0000, 0x00000001176a0000)

Polling page: 0x0000000104768000

CodeCache: size=245760Kb used=3181Kb max_used=3181Kb free=242578Kb
 bounds [0x0000000105f89000, 0x00000001062a9000, 0x0000000114f89000]
 total_blobs=1447 nmethods=916 adapters=445
 compilation: enabled

Compilation events (10 events):
Event: 7.172 Thread 0x00007f8e0d040800 nmethod 909 0x000000010629a750 code [0x000000010629a8a0, 0x000000010629a9b0]
Event: 7.173 Thread 0x00007f8e0d040800  910       3       java.util.ArrayList::remove (69 bytes)
Event: 7.173 Thread 0x00007f8e0d040800 nmethod 910 0x000000010629aa10 code [0x000000010629abe0, 0x000000010629b228]
Event: 7.173 Thread 0x00007f8e0d040800  911   !   3       javax.swing.UIDefaults::getResourceCache (175 bytes)
Event: 7.176 Thread 0x00007f8e0d040800 nmethod 911 0x000000010629b550 code [0x000000010629b8c0, 0x000000010629d638]
Event: 7.176 Thread 0x00007f8e0d040800  912   !   3       sun.java2d.SunGraphics2D::validateCompClip (224 bytes)
Event: 7.178 Thread 0x00007f8e0d040800 nmethod 912 0x000000010629e910 code [0x000000010629ec40, 0x00000001062a0be8]
Event: 7.178 Thread 0x00007f8e0d040800  913       3       sun.java2d.pipe.BufferedPaints::colorToIntArgbPrePixel (134 bytes)
Event: 7.178 Thread 0x00007f8e0d040800 nmethod 913 0x00000001062a17d0 code [0x00000001062a1980, 0x00000001062a1d38]
Event: 7.178 Thread 0x00007f8e0d040800  916       3       javax.swing.plaf.synth.SynthBorder::getBorderInsets (409 bytes)

GC Heap History (0 events):
No events

Deoptimization events (7 events):
Event: 2.950 Thread 0x00007f8e0d123000 Uncommon trap: reason=unstable_if action=reinterpret pc=0x00000001061ac380 method=java.lang.String.toLowerCase(Ljava/util/Locale;)Ljava/lang/String; @ 85
Event: 4.773 Thread 0x00007f8e0d123000 Uncommon trap: reason=bimorphic action=maybe_recompile pc=0x0000000106211ef8 method=java.util.HashMap.putVal(ILjava/lang/Object;Ljava/lang/Object;ZZ)Ljava/lang/Object; @ 152
Event: 4.784 Thread 0x00007f8e0d123000 Uncommon trap: reason=bimorphic action=maybe_recompile pc=0x0000000106211ef8 method=java.util.HashMap.putVal(ILjava/lang/Object;Ljava/lang/Object;ZZ)Ljava/lang/Object; @ 152
Event: 4.847 Thread 0x00007f8e0d123000 Uncommon trap: reason=bimorphic action=maybe_recompile pc=0x0000000106211ef8 method=java.util.HashMap.putVal(ILjava/lang/Object;Ljava/lang/Object;ZZ)Ljava/lang/Object; @ 152
Event: 5.073 Thread 0x00007f8e0d123000 Uncommon trap: reason=bimorphic action=maybe_recompile pc=0x0000000106211ef8 method=java.util.HashMap.putVal(ILjava/lang/Object;Ljava/lang/Object;ZZ)Ljava/lang/Object; @ 152
Event: 7.170 Thread 0x00007f8e0d123000 Uncommon trap: reason=class_check action=maybe_recompile pc=0x00000001060f3f4c method=java.lang.String.equals(Ljava/lang/Object;)Z @ 8
Event: 7.170 Thread 0x00007f8e0d123000 Uncommon trap: reason=class_check action=maybe_recompile pc=0x00000001060f3f4c method=java.lang.String.equals(Ljava/lang/Object;)Z @ 8

Internal exceptions (10 events):
Event: 1.022 Thread 0x00007f8e0b80a800 Exception <a 'java/lang/ClassNotFoundException': ToolBar> (0x00000007aaf0f148) thrown at [/Users/java_re/workspace/8-2-build-macosx-x86_64/jdk8u60/4407/hotspot/src/share/vm/classfile/systemDictionary.cpp, line 210]
Event: 1.022 Thread 0x00007f8e0b80a800 Exception <a 'java/lang/ClassNotFoundException': ToggleButton> (0x00000007aaf0f6f8) thrown at [/Users/java_re/workspace/8-2-build-macosx-x86_64/jdk8u60/4407/hotspot/src/share/vm/classfile/systemDictionary.cpp, line 210]
Event: 1.022 Thread 0x00007f8e0b80a800 Exception <a 'java/lang/ClassNotFoundException': javax/swing/JToolBarSeparator> (0x00000007aaf0fb58) thrown at [/Users/java_re/workspace/8-2-build-macosx-x86_64/jdk8u60/4407/hotspot/src/share/vm/classfile/systemDictionary.cpp, line 210]
Event: 1.022 Thread 0x00007f8e0b80a800 Exception <a 'java/lang/ClassNotFoundException': ToolBarSeparator> (0x00000007aaf0fff0) thrown at [/Users/java_re/workspace/8-2-build-macosx-x86_64/jdk8u60/4407/hotspot/src/share/vm/classfile/systemDictionary.cpp, line 210]
Event: 1.023 Thread 0x00007f8e0b80a800 Exception <a 'java/lang/ClassNotFoundException': ToolTip> (0x00000007aaf10730) thrown at [/Users/java_re/workspace/8-2-build-macosx-x86_64/jdk8u60/4407/hotspot/src/share/vm/classfile/systemDictionary.cpp, line 210]
Event: 1.025 Thread 0x00007f8e0b80a800 Exception <a 'java/lang/ClassNotFoundException': Tree> (0x00000007aaf11350) thrown at [/Users/java_re/workspace/8-2-build-macosx-x86_64/jdk8u60/4407/hotspot/src/share/vm/classfile/systemDictionary.cpp, line 210]
Event: 1.025 Thread 0x00007f8e0b80a800 Exception <a 'java/lang/ClassNotFoundException': Tree> (0x00000007aaf11a90) thrown at [/Users/java_re/workspace/8-2-build-macosx-x86_64/jdk8u60/4407/hotspot/src/share/vm/classfile/systemDictionary.cpp, line 210]
Event: 1.025 Thread 0x00007f8e0b80a800 Exception <a 'java/lang/ClassNotFoundException': javax/swing/JTreeCell> (0x00000007aaf11e10) thrown at [/Users/java_re/workspace/8-2-build-macosx-x86_64/jdk8u60/4407/hotspot/src/share/vm/classfile/systemDictionary.cpp, line 210]
Event: 1.025 Thread 0x00007f8e0b80a800 Exception <a 'java/lang/ClassNotFoundException': TreeCell> (0x00000007aaf12298) thrown at [/Users/java_re/workspace/8-2-build-macosx-x86_64/jdk8u60/4407/hotspot/src/share/vm/classfile/systemDictionary.cpp, line 210]
Event: 1.026 Thread 0x00007f8e0b80a800 Exception <a 'java/lang/ClassNotFoundException': RootPane> (0x00000007aaf12cf8) thrown at [/Users/java_re/workspace/8-2-build-macosx-x86_64/jdk8u60/4407/hotspot/src/share/vm/classfile/systemDictionary.cpp, line 210]

Events (10 events):
Event: 7.170 Thread 0x00007f8e0d123000 DEOPT PACKING pc=0x00000001060f3f4c sp=0x000070000165c1f0
Event: 7.170 Thread 0x00007f8e0d123000 DEOPT UNPACKING pc=0x0000000105f8e229 sp=0x000070000165c190 mode 2
Event: 7.170 loading class javax/swing/JComponent$ActionStandin
Event: 7.170 loading class javax/swing/JComponent$ActionStandin done
Event: 7.170 loading class javax/swing/CellRendererPane
Event: 7.170 loading class javax/swing/CellRendererPane done
Event: 7.170 loading class javax/swing/JLayer
Event: 7.171 loading class javax/swing/JLayer done
Event: 7.171 loading class javax/swing/RepaintManager$3
Event: 7.171 loading class javax/swing/RepaintManager$3 done


Dynamic libraries:
0x0000000008fdb000 	/System/Library/Frameworks/Cocoa.framework/Versions/A/Cocoa
0x0000000008fdb000 	/System/Library/Frameworks/Security.framework/Versions/A/Security
0x0000000008fdb000 	/System/Library/Frameworks/ApplicationServices.framework/Versions/A/ApplicationServices
0x0000000008fdb000 	/usr/lib/libz.1.dylib
0x0000000008fdb000 	/usr/lib/libSystem.B.dylib
0x0000000008fdb000 	/usr/lib/libobjc.A.dylib
0x0000000008fdb000 	/System/Library/Frameworks/CoreFoundation.framework/Versions/A/CoreFoundation
0x0000000008fdb000 	/System/Library/Frameworks/Foundation.framework/Versions/C/Foundation
0x0000000008fdb000 	/System/Library/Frameworks/AppKit.framework/Versions/C/AppKit
0x0000000008fdb000 	/System/Library/Frameworks/CoreData.framework/Versions/A/CoreData
0x0000000008fdb000 	/System/Library/PrivateFrameworks/RemoteViewServices.framework/Versions/A/RemoteViewServices
0x0000000008fdb000 	/System/Library/PrivateFrameworks/UIFoundation.framework/Versions/A/UIFoundation
0x0000000008fdb000 	/usr/lib/libScreenReader.dylib
0x0000000008fdb000 	/System/Library/Frameworks/Accelerate.framework/Versions/A/Accelerate
0x0000000008fdb000 	/System/Library/Frameworks/IOSurface.framework/Versions/A/IOSurface
0x0000000008fdb000 	/System/Library/Frameworks/AudioToolbox.framework/Versions/A/AudioToolbox
0x0000000008fdb000 	/System/Library/Frameworks/AudioUnit.framework/Versions/A/AudioUnit
0x0000000008fdb000 	/System/Library/PrivateFrameworks/DataDetectorsCore.framework/Versions/A/DataDetectorsCore
0x0000000008fdb000 	/System/Library/PrivateFrameworks/DesktopServicesPriv.framework/Versions/A/DesktopServicesPriv
0x0000000008fdb000 	/System/Library/Frameworks/Carbon.framework/Versions/A/Frameworks/HIToolbox.framework/Versions/A/HIToolbox
0x0000000008fdb000 	/System/Library/Frameworks/QuartzCore.framework/Versions/A/QuartzCore
0x0000000008fdb000 	/System/Library/Frameworks/Carbon.framework/Versions/A/Frameworks/SpeechRecognition.framework/Versions/A/SpeechRecognition
0x0000000008fdb000 	/usr/lib/libauto.dylib
0x0000000008fdb000 	/usr/lib/libicucore.A.dylib
0x0000000008fdb000 	/usr/lib/libxml2.2.dylib
0x0000000008fdb000 	/System/Library/PrivateFrameworks/CoreUI.framework/Versions/A/CoreUI
0x0000000008fdb000 	/System/Library/Frameworks/CoreAudio.framework/Versions/A/CoreAudio
0x0000000008fdb000 	/System/Library/Frameworks/DiskArbitration.framework/Versions/A/DiskArbitration
0x0000000008fdb000 	/usr/lib/liblangid.dylib
0x0000000008fdb000 	/System/Library/PrivateFrameworks/MultitouchSupport.framework/Versions/A/MultitouchSupport
0x0000000008fdb000 	/System/Library/Frameworks/IOKit.framework/Versions/A/IOKit
0x0000000008fdb000 	/usr/lib/libDiagnosticMessagesClient.dylib
0x0000000008fdb000 	/System/Library/Frameworks/CoreServices.framework/Versions/A/CoreServices
0x0000000008fdb000 	/System/Library/PrivateFrameworks/PerformanceAnalysis.framework/Versions/A/PerformanceAnalysis
0x0000000008fdb000 	/System/Library/PrivateFrameworks/GenerationalStorage.framework/Versions/A/GenerationalStorage
0x0000000008fdb000 	/System/Library/Frameworks/OpenGL.framework/Versions/A/OpenGL
0x0000000008fdb000 	/System/Library/PrivateFrameworks/Sharing.framework/Versions/A/Sharing
0x0000000008fdb000 	/System/Library/Frameworks/CoreGraphics.framework/Versions/A/CoreGraphics
0x0000000008fdb000 	/System/Library/Frameworks/CoreImage.framework/Versions/A/CoreImage
0x0000000008fdb000 	/System/Library/Frameworks/CoreText.framework/Versions/A/CoreText
0x0000000008fdb000 	/System/Library/Frameworks/ImageIO.framework/Versions/A/ImageIO
0x0000000008fdb000 	/System/Library/PrivateFrameworks/Backup.framework/Versions/A/Backup
0x0000000008fdb000 	/usr/lib/libextension.dylib
0x0000000008fdb000 	/usr/lib/libarchive.2.dylib
0x0000000008fdb000 	/System/Library/Frameworks/CFNetwork.framework/Versions/A/CFNetwork
0x0000000008fdb000 	/System/Library/Frameworks/SystemConfiguration.framework/Versions/A/SystemConfiguration
0x0000000008fdb000 	/usr/lib/libCRFSuite.dylib
0x0000000008fdb000 	/usr/lib/libc++.1.dylib
0x0000000008fdb000 	/usr/lib/libc++abi.dylib
0x0000000008fdb000 	/usr/lib/system/libcache.dylib
0x0000000008fdb000 	/usr/lib/system/libcommonCrypto.dylib
0x0000000008fdb000 	/usr/lib/system/libcompiler_rt.dylib
0x0000000008fdb000 	/usr/lib/system/libcopyfile.dylib
0x0000000008fdb000 	/usr/lib/system/libcorecrypto.dylib
0x0000000008fdb000 	/usr/lib/system/libdispatch.dylib
0x0000000008fdb000 	/usr/lib/system/libdyld.dylib
0x0000000008fdb000 	/usr/lib/system/libkeymgr.dylib
0x0000000008fdb000 	/usr/lib/system/liblaunch.dylib
0x0000000008fdb000 	/usr/lib/system/libmacho.dylib
0x0000000008fdb000 	/usr/lib/system/libquarantine.dylib
0x0000000008fdb000 	/usr/lib/system/libremovefile.dylib
0x0000000008fdb000 	/usr/lib/system/libsystem_asl.dylib
0x0000000008fdb000 	/usr/lib/system/libsystem_blocks.dylib
0x0000000008fdb000 	/usr/lib/system/libsystem_c.dylib
0x0000000008fdb000 	/usr/lib/system/libsystem_configuration.dylib
0x0000000008fdb000 	/usr/lib/system/libsystem_coreservices.dylib
0x0000000008fdb000 	/usr/lib/system/libsystem_coretls.dylib
0x0000000008fdb000 	/usr/lib/system/libsystem_dnssd.dylib
0x0000000008fdb000 	/usr/lib/system/libsystem_info.dylib
0x0000000008fdb000 	/usr/lib/system/libsystem_kernel.dylib
0x0000000008fdb000 	/usr/lib/system/libsystem_m.dylib
0x0000000008fdb000 	/usr/lib/system/libsystem_malloc.dylib
0x0000000008fdb000 	/usr/lib/system/libsystem_network.dylib
0x0000000008fdb000 	/usr/lib/system/libsystem_networkextension.dylib
0x0000000008fdb000 	/usr/lib/system/libsystem_notify.dylib
0x0000000008fdb000 	/usr/lib/system/libsystem_platform.dylib
0x0000000008fdb000 	/usr/lib/system/libsystem_pthread.dylib
0x0000000008fdb000 	/usr/lib/system/libsystem_sandbox.dylib
0x0000000008fdb000 	/usr/lib/system/libsystem_secinit.dylib
0x0000000008fdb000 	/usr/lib/system/libsystem_trace.dylib
0x0000000008fdb000 	/usr/lib/system/libunc.dylib
0x0000000008fdb000 	/usr/lib/system/libunwind.dylib
0x0000000008fdb000 	/usr/lib/system/libxpc.dylib
0x0000000008fdb000 	/usr/lib/libenergytrace.dylib
0x0000000008fdb000 	/usr/lib/libbsm.0.dylib
0x0000000008fdb000 	/usr/lib/system/libkxld.dylib
0x0000000008fdb000 	/usr/lib/libxar.1.dylib
0x0000000008fdb000 	/usr/lib/libsqlite3.dylib
0x0000000008fdb000 	/usr/lib/libpam.2.dylib
0x0000000008fdb000 	/usr/lib/libOpenScriptingUtil.dylib
0x0000000008fdb000 	/usr/lib/libbz2.1.0.dylib
0x0000000008fdb000 	/usr/lib/liblzma.5.dylib
0x0000000008fdb000 	/System/Library/Frameworks/CoreServices.framework/Versions/A/Frameworks/FSEvents.framework/Versions/A/FSEvents
0x0000000008fdb000 	/System/Library/Frameworks/CoreServices.framework/Versions/A/Frameworks/CarbonCore.framework/Versions/A/CarbonCore
0x0000000008fdb000 	/System/Library/Frameworks/CoreServices.framework/Versions/A/Frameworks/Metadata.framework/Versions/A/Metadata
0x0000000008fdb000 	/System/Library/Frameworks/CoreServices.framework/Versions/A/Frameworks/OSServices.framework/Versions/A/OSServices
0x0000000008fdb000 	/System/Library/Frameworks/CoreServices.framework/Versions/A/Frameworks/SearchKit.framework/Versions/A/SearchKit
0x0000000008fdb000 	/System/Library/Frameworks/CoreServices.framework/Versions/A/Frameworks/AE.framework/Versions/A/AE
0x0000000008fdb000 	/System/Library/Frameworks/CoreServices.framework/Versions/A/Frameworks/LaunchServices.framework/Versions/A/LaunchServices
0x0000000008fdb000 	/System/Library/Frameworks/CoreServices.framework/Versions/A/Frameworks/DictionaryServices.framework/Versions/A/DictionaryServices
0x0000000008fdb000 	/System/Library/Frameworks/CoreServices.framework/Versions/A/Frameworks/SharedFileList.framework/Versions/A/SharedFileList
0x0000000008fdb000 	/System/Library/Frameworks/NetFS.framework/Versions/A/NetFS
0x0000000008fdb000 	/System/Library/PrivateFrameworks/NetAuth.framework/Versions/A/NetAuth
0x0000000008fdb000 	/System/Library/PrivateFrameworks/login.framework/Versions/A/Frameworks/loginsupport.framework/Versions/A/loginsupport
0x0000000008fdb000 	/System/Library/PrivateFrameworks/TCC.framework/Versions/A/TCC
0x0000000008fdb000 	/usr/lib/libmecabra.dylib
0x0000000008fdb000 	/System/Library/Frameworks/ApplicationServices.framework/Versions/A/Frameworks/ATS.framework/Versions/A/ATS
0x0000000008fdb000 	/System/Library/Frameworks/ApplicationServices.framework/Versions/A/Frameworks/ColorSync.framework/Versions/A/ColorSync
0x0000000008fdb000 	/System/Library/Frameworks/ApplicationServices.framework/Versions/A/Frameworks/HIServices.framework/Versions/A/HIServices
0x0000000008fdb000 	/System/Library/Frameworks/ApplicationServices.framework/Versions/A/Frameworks/LangAnalysis.framework/Versions/A/LangAnalysis
0x0000000008fdb000 	/System/Library/Frameworks/ApplicationServices.framework/Versions/A/Frameworks/PrintCore.framework/Versions/A/PrintCore
0x0000000008fdb000 	/System/Library/Frameworks/ApplicationServices.framework/Versions/A/Frameworks/QD.framework/Versions/A/QD
0x0000000008fdb000 	/System/Library/Frameworks/ApplicationServices.framework/Versions/A/Frameworks/SpeechSynthesis.framework/Versions/A/SpeechSynthesis
0x0000000008fdb000 	/System/Library/Frameworks/Metal.framework/Versions/A/Metal
0x0000000008fdb000 	/System/Library/Frameworks/Accelerate.framework/Versions/A/Frameworks/vImage.framework/Versions/A/vImage
0x0000000008fdb000 	/System/Library/Frameworks/Accelerate.framework/Versions/A/Frameworks/vecLib.framework/Versions/A/vecLib
0x0000000008fdb000 	/System/Library/Frameworks/Accelerate.framework/Versions/A/Frameworks/vecLib.framework/Versions/A/libvDSP.dylib
0x0000000008fdb000 	/System/Library/Frameworks/Accelerate.framework/Versions/A/Frameworks/vecLib.framework/Versions/A/libvMisc.dylib
0x0000000008fdb000 	/System/Library/Frameworks/Accelerate.framework/Versions/A/Frameworks/vecLib.framework/Versions/A/libLAPACK.dylib
0x0000000008fdb000 	/System/Library/Frameworks/Accelerate.framework/Versions/A/Frameworks/vecLib.framework/Versions/A/libBLAS.dylib
0x0000000008fdb000 	/System/Library/Frameworks/Accelerate.framework/Versions/A/Frameworks/vecLib.framework/Versions/A/libLinearAlgebra.dylib
0x0000000008fdb000 	/System/Library/Frameworks/Accelerate.framework/Versions/A/Frameworks/vecLib.framework/Versions/A/libSparseBLAS.dylib
0x0000000008fdb000 	/System/Library/PrivateFrameworks/GPUCompiler.framework/libmetal_timestamp.dylib
0x0000000008fdb000 	/System/Library/Frameworks/OpenGL.framework/Versions/A/Libraries/libCoreFSCache.dylib
0x0000000008fdb000 	/System/Library/PrivateFrameworks/IOAccelerator.framework/Versions/A/IOAccelerator
0x0000000008fdb000 	/System/Library/Frameworks/ApplicationServices.framework/Versions/A/Frameworks/ATS.framework/Versions/A/Resources/libFontParser.dylib
0x0000000008fdb000 	/System/Library/Frameworks/ApplicationServices.framework/Versions/A/Frameworks/ATS.framework/Versions/A/Resources/libFontRegistry.dylib
0x0000000008fdb000 	/System/Library/PrivateFrameworks/AppleVPA.framework/Versions/A/AppleVPA
0x0000000008fdb000 	/System/Library/PrivateFrameworks/AppleJPEG.framework/Versions/A/AppleJPEG
0x0000000008fdb000 	/System/Library/Frameworks/ImageIO.framework/Versions/A/Resources/libJPEG.dylib
0x0000000008fdb000 	/System/Library/Frameworks/ImageIO.framework/Versions/A/Resources/libTIFF.dylib
0x0000000008fdb000 	/System/Library/Frameworks/ImageIO.framework/Versions/A/Resources/libPng.dylib
0x0000000008fdb000 	/System/Library/Frameworks/ImageIO.framework/Versions/A/Resources/libGIF.dylib
0x0000000008fdb000 	/System/Library/Frameworks/ImageIO.framework/Versions/A/Resources/libJP2.dylib
0x0000000008fdb000 	/System/Library/Frameworks/ImageIO.framework/Versions/A/Resources/libRadiance.dylib
0x0000000008fdb000 	/System/Library/Frameworks/CoreVideo.framework/Versions/A/CoreVideo
0x0000000008fdb000 	/System/Library/Frameworks/OpenGL.framework/Versions/A/Libraries/libGLU.dylib
0x0000000008fdb000 	/System/Library/Frameworks/OpenGL.framework/Versions/A/Libraries/libGFXShared.dylib
0x0000000008fdb000 	/System/Library/Frameworks/OpenGL.framework/Versions/A/Libraries/libGL.dylib
0x0000000008fdb000 	/System/Library/Frameworks/OpenGL.framework/Versions/A/Libraries/libGLImage.dylib
0x0000000008fdb000 	/System/Library/Frameworks/OpenGL.framework/Versions/A/Libraries/libCVMSPluginSupport.dylib
0x0000000008fdb000 	/System/Library/Frameworks/OpenGL.framework/Versions/A/Libraries/libCoreVMClient.dylib
0x0000000008fdb000 	/usr/lib/libcups.2.dylib
0x0000000008fdb000 	/System/Library/Frameworks/Kerberos.framework/Versions/A/Kerberos
0x0000000008fdb000 	/System/Library/Frameworks/GSS.framework/Versions/A/GSS
0x0000000008fdb000 	/usr/lib/libresolv.9.dylib
0x0000000008fdb000 	/usr/lib/libiconv.2.dylib
0x0000000008fdb000 	/System/Library/PrivateFrameworks/Heimdal.framework/Versions/A/Heimdal
0x0000000008fdb000 	/usr/lib/libheimdal-asn1.dylib
0x0000000008fdb000 	/System/Library/Frameworks/OpenDirectory.framework/Versions/A/OpenDirectory
0x0000000008fdb000 	/System/Library/PrivateFrameworks/CommonAuth.framework/Versions/A/CommonAuth
0x0000000008fdb000 	/System/Library/Frameworks/OpenDirectory.framework/Versions/A/Frameworks/CFOpenDirectory.framework/Versions/A/CFOpenDirectory
0x0000000008fdb000 	/System/Library/Frameworks/SecurityFoundation.framework/Versions/A/SecurityFoundation
0x0000000008fdb000 	/System/Library/PrivateFrameworks/LanguageModeling.framework/Versions/A/LanguageModeling
0x0000000008fdb000 	/usr/lib/libmarisa.dylib
0x0000000008fdb000 	/usr/lib/libChineseTokenizer.dylib
0x0000000008fdb000 	/usr/lib/libcmph.dylib
0x0000000008fdb000 	/usr/lib/libcompression.dylib
0x0000000008fdb000 	/System/Library/Frameworks/ServiceManagement.framework/Versions/A/ServiceManagement
0x0000000008fdb000 	/usr/lib/libxslt.1.dylib
0x0000000008fdb000 	/System/Library/Frameworks/Carbon.framework/Versions/A/Frameworks/Ink.framework/Versions/A/Ink
0x0000000008fdb000 	/usr/lib/libFosl_dynamic.dylib
0x0000000008fdb000 	/System/Library/PrivateFrameworks/FaceCore.framework/Versions/A/FaceCore
0x0000000008fdb000 	/System/Library/Frameworks/OpenCL.framework/Versions/A/OpenCL
0x0000000008fdb000 	/System/Library/PrivateFrameworks/CrashReporterSupport.framework/Versions/A/CrashReporterSupport
0x0000000008fdb000 	/System/Library/PrivateFrameworks/IconServices.framework/Versions/A/IconServices
0x0000000008fdb000 	/System/Library/PrivateFrameworks/Apple80211.framework/Versions/A/Apple80211
0x0000000008fdb000 	/System/Library/Frameworks/CoreWLAN.framework/Versions/A/CoreWLAN
0x0000000008fdb000 	/System/Library/Frameworks/IOBluetooth.framework/Versions/A/IOBluetooth
0x0000000008fdb000 	/System/Library/PrivateFrameworks/CoreWiFi.framework/Versions/A/CoreWiFi
0x0000000008fdb000 	/System/Library/Frameworks/CoreBluetooth.framework/Versions/A/CoreBluetooth
0x0000000008fdb000 	/System/Library/PrivateFrameworks/ChunkingLibrary.framework/Versions/A/ChunkingLibrary
0x0000000008fdb000 	/System/Library/PrivateFrameworks/DebugSymbols.framework/Versions/A/DebugSymbols
0x0000000008fdb000 	/System/Library/PrivateFrameworks/CoreSymbolication.framework/Versions/A/CoreSymbolication
0x0000000008fdb000 	/System/Library/PrivateFrameworks/Symbolication.framework/Versions/A/Symbolication
0x0000000008fdb000 	/System/Library/PrivateFrameworks/SpeechRecognitionCore.framework/Versions/A/SpeechRecognitionCore
0x0000000105000000 	/Library/Java/JavaVirtualMachines/jdk1.8.0_60.jdk/Contents/Home/jre/lib/server/libjvm.dylib
0x0000000008fdb000 	/usr/lib/libstdc++.6.dylib
0x0000000104725000 	/Library/Java/JavaVirtualMachines/jdk1.8.0_60.jdk/Contents/Home/jre/lib/libverify.dylib
0x0000000104733000 	/Library/Java/JavaVirtualMachines/jdk1.8.0_60.jdk/Contents/Home/jre/lib/libjava.dylib
0x0000000104772000 	/Library/Java/JavaVirtualMachines/jdk1.8.0_60.jdk/Contents/Home/jre/lib/libzip.dylib
0x0000000119306000 	/System/Library/Frameworks/JavaVM.framework/Frameworks/JavaRuntimeSupport.framework/JavaRuntimeSupport
0x0000000119321000 	/System/Library/Frameworks/JavaVM.framework/Versions/A/Frameworks/JavaNativeFoundation.framework/Versions/A/JavaNativeFoundation
0x0000000119336000 	/System/Library/Frameworks/JavaVM.framework/Versions/A/JavaVM
0x0000000008fdb000 	/System/Library/Frameworks/Carbon.framework/Versions/A/Carbon
0x0000000119343000 	/System/Library/PrivateFrameworks/JavaLaunching.framework/Versions/A/JavaLaunching
0x0000000008fdb000 	/System/Library/Frameworks/Carbon.framework/Versions/A/Frameworks/CommonPanels.framework/Versions/A/CommonPanels
0x0000000008fdb000 	/System/Library/Frameworks/Carbon.framework/Versions/A/Frameworks/Help.framework/Versions/A/Help
0x0000000008fdb000 	/System/Library/Frameworks/Carbon.framework/Versions/A/Frameworks/ImageCapture.framework/Versions/A/ImageCapture
0x0000000008fdb000 	/System/Library/Frameworks/Carbon.framework/Versions/A/Frameworks/OpenScripting.framework/Versions/A/OpenScripting
0x0000000008fdb000 	/System/Library/Frameworks/Carbon.framework/Versions/A/Frameworks/Print.framework/Versions/A/Print
0x0000000008fdb000 	/System/Library/Frameworks/Carbon.framework/Versions/A/Frameworks/SecurityHI.framework/Versions/A/SecurityHI
0x000000011ac66000 	/Library/Java/JavaVirtualMachines/jdk1.8.0_60.jdk/Contents/Home/jre/lib/libawt.dylib
0x000000011ad0e000 	/Library/Java/JavaVirtualMachines/jdk1.8.0_60.jdk/Contents/Home/jre/lib/./libmlib_image.dylib
0x000000011adda000 	/Library/Java/JavaVirtualMachines/jdk1.8.0_60.jdk/Contents/Home/jre/lib/libawt_lwawt.dylib
0x000000011ae8f000 	/Library/Java/JavaVirtualMachines/jdk1.8.0_60.jdk/Contents/Home/jre/lib/./libosxapp.dylib
0x0000000008fdb000 	/System/Library/Frameworks/ExceptionHandling.framework/Versions/A/ExceptionHandling
0x0000000008fdb000 	/System/Library/PrivateFrameworks/CoreServicesInternal.framework/Versions/A/CoreServicesInternal
0x0000000008fdb000 	/System/Library/Frameworks/CoreGraphics.framework/Versions/A/Resources/libRIP.A.dylib
0x0000000008fdb000 	/System/Library/Frameworks/Accelerate.framework/Versions/A/Frameworks/vImage.framework/Versions/A/Libraries/libCGInterfaces.dylib
0x0000000008fdb000 	/System/Library/Frameworks/CoreGraphics.framework/Versions/A/Resources/libCGXType.A.dylib
0x0000000008fdb000 	/System/Library/Frameworks/OpenCL.framework/Versions/A/Libraries/libcldcpuengine.dylib
0x0000000008fdb000 	/System/Library/PrivateFrameworks/DiskImages.framework/Versions/A/DiskImages
0x0000000008fdb000 	/System/Library/Frameworks/DiscRecording.framework/Versions/A/DiscRecording
0x0000000008fdb000 	/usr/lib/libcsfde.dylib
0x0000000008fdb000 	/usr/lib/libcurl.4.dylib
0x0000000008fdb000 	/System/Library/PrivateFrameworks/MediaKit.framework/Versions/A/MediaKit
0x0000000008fdb000 	/System/Library/PrivateFrameworks/ProtectedCloudStorage.framework/Versions/A/ProtectedCloudStorage
0x0000000008fdb000 	/usr/lib/libCoreStorage.dylib
0x0000000008fdb000 	/System/Library/PrivateFrameworks/EFILogin.framework/Versions/A/EFILogin
0x0000000008fdb000 	/usr/lib/libutil.dylib
0x0000000008fdb000 	/System/Library/PrivateFrameworks/FindMyDevice.framework/Versions/A/FindMyDevice
0x0000000008fdb000 	/System/Library/Frameworks/LDAP.framework/Versions/A/LDAP
0x0000000008fdb000 	/usr/lib/libsasl2.2.dylib
0x0000000008fdb000 	/System/Library/PrivateFrameworks/CoreDaemon.framework/Versions/B/CoreDaemon
0x0000000008fdb000 	/usr/lib/libcrypto.0.9.8.dylib
0x0000000008fdb000 	/System/Library/PrivateFrameworks/AppleSRP.framework/Versions/A/AppleSRP
0x0000000008fdb000 	/System/Library/PrivateFrameworks/TrustEvaluationAgent.framework/Versions/A/TrustEvaluationAgent
0x000000011b818000 	cl_kernels
0x0000000008fdb000 	/System/Library/Frameworks/OpenCL.framework/Versions/A/Libraries/ImageFormats/unorm8_bgra.dylib
0x0000000008fdb000 	/System/Library/Frameworks/OpenCL.framework/Versions/A/Libraries/ImageFormats/unorm8_rgba.dylib
0x0000000008fdb000 	/System/Library/PrivateFrameworks/FamilyControls.framework/Versions/A/FamilyControls
0x0000000008fdb000 	/System/Library/PrivateFrameworks/CommerceKit.framework/Versions/A/Frameworks/CommerceCore.framework/Versions/A/CommerceCore
0x0000000008fdb000 	/System/Library/PrivateFrameworks/SystemAdministration.framework/Versions/A/SystemAdministration
0x0000000008fdb000 	/System/Library/PrivateFrameworks/AppContainer.framework/Versions/A/AppContainer
0x0000000008fdb000 	/System/Library/PrivateFrameworks/SecCodeWrapper.framework/Versions/A/SecCodeWrapper
0x0000000008fdb000 	/System/Library/Frameworks/DirectoryService.framework/Versions/A/DirectoryService
0x0000000008fdb000 	/System/Library/PrivateFrameworks/LoginUIKit.framework/Versions/A/Frameworks/LoginUICore.framework/Versions/A/LoginUICore
0x0000000008fdb000 	/usr/lib/libodfde.dylib
0x000000011d9e1000 	/Library/Java/JavaVirtualMachines/jdk1.8.0_60.jdk/Contents/Home/jre/lib/libfontmanager.dylib
0x000000011bb6a000 	/Library/Java/JavaVirtualMachines/jdk1.8.0_60.jdk/Contents/Home/jre/lib/libosxui.dylib
0x0000000008fdb000 	/System/Library/Frameworks/OpenGL.framework/Versions/A/Resources/GLEngine.bundle/GLEngine
0x0000000008fdb000 	/System/Library/Frameworks/OpenGL.framework/Versions/A/Libraries/libGLProgrammability.dylib
0x000000011e58f000 	/System/Library/Extensions/AppleIntelHD5000GraphicsGLDriver.bundle/Contents/MacOS/AppleIntelHD5000GraphicsGLDriver
0x0000000008fdb000 	/System/Library/PrivateFrameworks/GPUSupport.framework/Versions/A/Libraries/libGPUSupportMercury.dylib
0x0000000008fdb000 	/System/Library/Frameworks/OpenGL.framework/Versions/A/Resources/GLRendererFloat.bundle/GLRendererFloat
0x000000011f65d000 	/Library/Java/JavaVirtualMachines/jdk1.8.0_60.jdk/Contents/Home/jre/lib/libnet.dylib
0x000000011f674000 	/Library/Java/JavaVirtualMachines/jdk1.8.0_60.jdk/Contents/Home/jre/lib/libnio.dylib
0x0000000008fdb000 	/System/Library/Frameworks/ApplicationServices.framework/Versions/A/Frameworks/ATS.framework/Versions/A/Resources/libTrueTypeScaler.dylib
0x0000000192346000 	/System/Library/Extensions/AppleIntelHD5000GraphicsMTLDriver.bundle/Contents/MacOS/AppleIntelHD5000GraphicsMTLDriver
0x00000001927e7000 	/Library/Java/JavaVirtualMachines/jdk1.8.0_60.jdk/Contents/Home/jre/lib/libdcpr.dylib

VM Arguments:
jvm_args: -Dfile.encoding=UTF-8 
java_command: NewJFrame
java_class_path (initial): /Users/admin/Desktop/mysql-connector-java-5.1.18-bin.jar:/Applications/NetBeans/NetBeans 8.0.2.app/Contents/Resources/NetBeans/java/modules/ext/AbsoluteLayout.jar:/Users/admin/Desktop/TPPdb/build/classes
Launcher Type: SUN_STANDARD

Environment Variables:
PATH=/usr/bin:/bin:/usr/sbin:/sbin
LD_LIBRARY_PATH=/Library/Java/JavaVirtualMachines/jdk1.8.0_60.jdk/Contents/Home/jre/lib/amd64:/Library/Java/JavaVirtualMachines/jdk1.8.0_60.jdk/Contents/Home/jre/lib/i386:
SHELL=/bin/bash

Signal Handlers:
SIGSEGV: [libjvm.dylib+0x5a6d31], sa_mask[0]=11111111011111110111111111111111, sa_flags=SA_ONSTACK|SA_RESTART|SA_SIGINFO
SIGBUS: [libjvm.dylib+0x5a6d31], sa_mask[0]=11111111011111110111111111111111, sa_flags=SA_RESTART|SA_SIGINFO
SIGFPE: [libjvm.dylib+0x480a4c], sa_mask[0]=11111111011111110111111111111111, sa_flags=SA_RESTART|SA_SIGINFO
SIGPIPE: [libjvm.dylib+0x480a4c], sa_mask[0]=11111111011111110111111111111111, sa_flags=SA_RESTART|SA_SIGINFO
SIGXFSZ: [libjvm.dylib+0x480a4c], sa_mask[0]=11111111011111110111111111111111, sa_flags=SA_RESTART|SA_SIGINFO
SIGILL: [libjvm.dylib+0x480a4c], sa_mask[0]=11111111011111110111111111111111, sa_flags=SA_RESTART|SA_SIGINFO
SIGUSR1: SIG_DFL, sa_mask[0]=00000000000000000000000000000000, sa_flags=none
SIGUSR2: [libjvm.dylib+0x48056a], sa_mask[0]=00100000000000000000000000000000, sa_flags=SA_RESTART|SA_SIGINFO
SIGHUP: [libjvm.dylib+0x47eb41], sa_mask[0]=11111111011111110111111111111111, sa_flags=SA_RESTART|SA_SIGINFO
SIGINT: SIG_IGN, sa_mask[0]=00000000000000000000000000000000, sa_flags=none
SIGTERM: [libjvm.dylib+0x47eb41], sa_mask[0]=11111111011111110111111111111111, sa_flags=SA_RESTART|SA_SIGINFO
SIGQUIT: [libjvm.dylib+0x47eb41], sa_mask[0]=11111111011111110111111111111111, sa_flags=SA_RESTART|SA_SIGINFO


---------------  S Y S T E M  ---------------

OS:Bsduname:Darwin 15.0.0 Darwin Kernel Version 15.0.0: Wed Aug 26 16:57:32 PDT 2015; root:xnu-3247.1.106~1/RELEASE_X86_64 x86_64
rlimit: STACK 8192k, CORE 0k, NPROC 709, NOFILE 10240, AS infinity
load average:1.53 1.84 1.85

CPU:total 4 (2 cores per cpu, 2 threads per core) family 6 model 69 stepping 1, cmov, cx8, fxsr, mmx, sse, sse2, sse3, ssse3, sse4.1, sse4.2, popcnt, avx, avx2, aes, clmul, erms, lzcnt, ht, tsc, tscinvbit, bmi1, bmi2

Memory: 4k page, physical 4194304k(40160k free)

/proc/meminfo:


vm_info: Java HotSpot(TM) 64-Bit Server VM (25.60-b23) for bsd-amd64 JRE (1.8.0_60-b27), built on Aug  4 2015 10:47:24 by "java_re" with gcc 4.2.1 (Based on Apple Inc. build 5658) (LLVM build 2336.11.00)

time: Mon Oct 19 16:59:28 2015
elapsed time: 7 seconds (0d 0h 0m 7s)

